2019-01-22 20:15:39.528+0000 INFO [o.n.g.f.m.e.CommunityEditionModule] No locking implementation specified, defaulting to 'community'
2019-01-22 20:15:40.230+0000 INFO [o.n.g.f.GraphDatabaseFacadeFactory] Creating 'graph.db' database.
2019-01-22 20:15:40.453+0000 INFO [o.n.k.a.DatabaseAvailabilityGuard] Requirement `Database available` makes database graph.db unavailable.
2019-01-22 20:15:40.457+0000 INFO [o.n.k.a.DatabaseAvailabilityGuard] Database graph.db is unavailable.
2019-01-22 20:15:40.647+0000 INFO [o.n.i.d.DiagnosticsManager] --- INITIALIZED diagnostics START ---
2019-01-22 20:15:40.648+0000 INFO [o.n.i.d.DiagnosticsManager] Neo4j Kernel properties:
2019-01-22 20:15:40.649+0000 INFO [o.n.i.d.DiagnosticsManager] dbms.connector.http.enabled=true
2019-01-22 20:15:40.649+0000 INFO [o.n.i.d.DiagnosticsManager] causal_clustering.discovery_listen_address=0.0.0.0:5000
2019-01-22 20:15:40.650+0000 INFO [o.n.i.d.DiagnosticsManager] dbms.security.auth_enabled=true
2019-01-22 20:15:40.650+0000 INFO [o.n.i.d.DiagnosticsManager] dbms.connector.http.listen_address=0.0.0.0:7474
2019-01-22 20:15:40.650+0000 INFO [o.n.i.d.DiagnosticsManager] unsupported.dbms.directories.neo4j_home=/var/lib/neo4j
2019-01-22 20:15:40.650+0000 INFO [o.n.i.d.DiagnosticsManager] dbms.directories.import=import
2019-01-22 20:15:40.651+0000 INFO [o.n.i.d.DiagnosticsManager] causal_clustering.raft_advertised_address=efffcc319289:7000
2019-01-22 20:15:40.651+0000 INFO [o.n.i.d.DiagnosticsManager] dbms.memory.heap.initial_size=512M
2019-01-22 20:15:40.651+0000 INFO [o.n.i.d.DiagnosticsManager] causal_clustering.raft_listen_address=0.0.0.0:7000
2019-01-22 20:15:40.651+0000 INFO [o.n.i.d.DiagnosticsManager] ha.host.coordination=efffcc319289:5001
2019-01-22 20:15:40.651+0000 INFO [o.n.i.d.DiagnosticsManager] dbms.connector.https.enabled=true
2019-01-22 20:15:40.652+0000 INFO [o.n.i.d.DiagnosticsManager] dbms.jvm.additional=-XX:+UseG1GC
2019-01-22 20:15:40.652+0000 INFO [o.n.i.d.DiagnosticsManager] dbms.tx_log.rotation.retention_policy=100M size
2019-01-22 20:15:40.652+0000 INFO [o.n.i.d.DiagnosticsManager] dbms.memory.heap.max_size=2048M
2019-01-22 20:15:40.652+0000 INFO [o.n.i.d.DiagnosticsManager] dbms.connectors.default_listen_address=0.0.0.0
2019-01-22 20:15:40.652+0000 INFO [o.n.i.d.DiagnosticsManager] EDITION=community
2019-01-22 20:15:40.653+0000 INFO [o.n.i.d.DiagnosticsManager] dbms.windows_service_name=neo4j
2019-01-22 20:15:40.653+0000 INFO [o.n.i.d.DiagnosticsManager] dbms.connector.https.listen_address=0.0.0.0:7473
2019-01-22 20:15:40.653+0000 INFO [o.n.i.d.DiagnosticsManager] dbms.connector.bolt.listen_address=0.0.0.0:7687
2019-01-22 20:15:40.653+0000 INFO [o.n.i.d.DiagnosticsManager] causal_clustering.transaction_advertised_address=efffcc319289:6000
2019-01-22 20:15:40.653+0000 INFO [o.n.i.d.DiagnosticsManager] causal_clustering.discovery_advertised_address=efffcc319289:5000
2019-01-22 20:15:40.653+0000 INFO [o.n.i.d.DiagnosticsManager] dbms.memory.pagecache.size=512M
2019-01-22 20:15:40.654+0000 INFO [o.n.i.d.DiagnosticsManager] ha.host.data=efffcc319289:6001
2019-01-22 20:15:40.654+0000 INFO [o.n.i.d.DiagnosticsManager] unsupported.dbms.edition=community
2019-01-22 20:15:40.654+0000 INFO [o.n.i.d.DiagnosticsManager] dbms.connector.bolt.enabled=true
2019-01-22 20:15:40.654+0000 INFO [o.n.i.d.DiagnosticsManager] causal_clustering.transaction_listen_address=0.0.0.0:6000
2019-01-22 20:15:40.654+0000 INFO [o.n.i.d.DiagnosticsManager] wrapper.java.additional=-Dneo4j.ext.udc.source=docker
2019-01-22 20:15:40.654+0000 INFO [o.n.i.d.DiagnosticsManager] Diagnostics providers:
2019-01-22 20:15:40.655+0000 INFO [o.n.i.d.DiagnosticsManager] org.neo4j.kernel.configuration.Config
2019-01-22 20:15:40.655+0000 INFO [o.n.i.d.DiagnosticsManager] org.neo4j.internal.diagnostics.DiagnosticsManager
2019-01-22 20:15:40.655+0000 INFO [o.n.i.d.DiagnosticsManager] SYSTEM_MEMORY
2019-01-22 20:15:40.655+0000 INFO [o.n.i.d.DiagnosticsManager] JAVA_MEMORY
2019-01-22 20:15:40.656+0000 INFO [o.n.i.d.DiagnosticsManager] OPERATING_SYSTEM
2019-01-22 20:15:40.656+0000 INFO [o.n.i.d.DiagnosticsManager] JAVA_VIRTUAL_MACHINE
2019-01-22 20:15:40.656+0000 INFO [o.n.i.d.DiagnosticsManager] CLASSPATH
2019-01-22 20:15:40.656+0000 INFO [o.n.i.d.DiagnosticsManager] LIBRARY_PATH
2019-01-22 20:15:40.657+0000 INFO [o.n.i.d.DiagnosticsManager] SYSTEM_PROPERTIES
2019-01-22 20:15:40.657+0000 INFO [o.n.i.d.DiagnosticsManager] TIMEZONE_DATABASE
2019-01-22 20:15:40.657+0000 INFO [o.n.i.d.DiagnosticsManager] LINUX_SCHEDULERS
2019-01-22 20:15:40.657+0000 INFO [o.n.i.d.DiagnosticsManager] NETWORK
2019-01-22 20:15:40.657+0000 INFO [o.n.i.d.DiagnosticsManager] System memory information:
2019-01-22 20:15:40.709+0000 INFO [o.n.i.d.DiagnosticsManager] Total Physical memory: 5.82 GB
2019-01-22 20:15:40.710+0000 INFO [o.n.i.d.DiagnosticsManager] Free Physical memory: 2.38 GB
2019-01-22 20:15:40.710+0000 INFO [o.n.i.d.DiagnosticsManager] Committed virtual memory: 3.54 GB
2019-01-22 20:15:40.710+0000 INFO [o.n.i.d.DiagnosticsManager] Total swap space: 2.00 GB
2019-01-22 20:15:40.711+0000 INFO [o.n.i.d.DiagnosticsManager] Free swap space: 2.00 GB
2019-01-22 20:15:40.711+0000 INFO [o.n.i.d.DiagnosticsManager] JVM memory information:
2019-01-22 20:15:40.712+0000 INFO [o.n.i.d.DiagnosticsManager] Free  memory: 482.10 MB
2019-01-22 20:15:40.712+0000 INFO [o.n.i.d.DiagnosticsManager] Total memory: 512.00 MB
2019-01-22 20:15:40.712+0000 INFO [o.n.i.d.DiagnosticsManager] Max   memory: 2.00 GB
2019-01-22 20:15:40.723+0000 INFO [o.n.i.d.DiagnosticsManager] Garbage Collector: G1 Young Generation: [G1 Eden Space, G1 Survivor Space]
2019-01-22 20:15:40.723+0000 INFO [o.n.i.d.DiagnosticsManager] Garbage Collector: G1 Old Generation: [G1 Eden Space, G1 Survivor Space, G1 Old Gen]
2019-01-22 20:15:40.725+0000 INFO [o.n.i.d.DiagnosticsManager] Memory Pool: Code Cache (Non-heap memory): committed=6.31 MB, used=6.26 MB, max=240.00 MB, threshold=0.00 B
2019-01-22 20:15:40.726+0000 INFO [o.n.i.d.DiagnosticsManager] Memory Pool: Metaspace (Non-heap memory): committed=21.88 MB, used=20.95 MB, max=-1.00 B, threshold=0.00 B
2019-01-22 20:15:40.726+0000 INFO [o.n.i.d.DiagnosticsManager] Memory Pool: Compressed Class Space (Non-heap memory): committed=2.63 MB, used=2.37 MB, max=1.00 GB, threshold=0.00 B
2019-01-22 20:15:40.727+0000 INFO [o.n.i.d.DiagnosticsManager] Memory Pool: G1 Eden Space (Heap memory): committed=273.00 MB, used=10.00 MB, max=-1.00 B, threshold=?
2019-01-22 20:15:40.727+0000 INFO [o.n.i.d.DiagnosticsManager] Memory Pool: G1 Survivor Space (Heap memory): committed=12.00 MB, used=12.00 MB, max=-1.00 B, threshold=?
2019-01-22 20:15:40.728+0000 INFO [o.n.i.d.DiagnosticsManager] Memory Pool: G1 Old Gen (Heap memory): committed=227.00 MB, used=5.90 MB, max=2.00 GB, threshold=0.00 B
2019-01-22 20:15:40.728+0000 INFO [o.n.i.d.DiagnosticsManager] Operating system information:
2019-01-22 20:15:40.730+0000 INFO [o.n.i.d.DiagnosticsManager] Operating System: Linux; version: 4.9.125-linuxkit; arch: amd64; cpus: 4
2019-01-22 20:15:40.731+0000 INFO [o.n.i.d.DiagnosticsManager] Max number of file descriptors: 1048576
2019-01-22 20:15:40.734+0000 INFO [o.n.i.d.DiagnosticsManager] Number of open file descriptors: 129
2019-01-22 20:15:40.742+0000 INFO [o.n.i.d.DiagnosticsManager] Process id: 6@efffcc319289
2019-01-22 20:15:40.742+0000 INFO [o.n.i.d.DiagnosticsManager] Byte order: LITTLE_ENDIAN
2019-01-22 20:15:40.765+0000 INFO [o.n.i.d.DiagnosticsManager] Local timezone: GMT
2019-01-22 20:15:40.765+0000 INFO [o.n.i.d.DiagnosticsManager] JVM information:
2019-01-22 20:15:40.766+0000 INFO [o.n.i.d.DiagnosticsManager] VM Name: OpenJDK 64-Bit Server VM
2019-01-22 20:15:40.766+0000 INFO [o.n.i.d.DiagnosticsManager] VM Vendor: Oracle Corporation
2019-01-22 20:15:40.766+0000 INFO [o.n.i.d.DiagnosticsManager] VM Version: 25.191-b12
2019-01-22 20:15:40.768+0000 INFO [o.n.i.d.DiagnosticsManager] JIT compiler: HotSpot 64-Bit Tiered Compilers
2019-01-22 20:15:40.771+0000 INFO [o.n.i.d.DiagnosticsManager] VM Arguments: [-Xms512M, -Xmx2048M, -XX:+UseG1GC, -XX:-OmitStackTraceInFastThrow, -XX:+AlwaysPreTouch, -XX:+UnlockExperimentalVMOptions, -XX:+TrustFinalNonStaticFields, -XX:+DisableExplicitGC, -Djdk.tls.ephemeralDHKeySize=2048, -Djdk.tls.rejectClientInitiatedRenegotiation=true, -Dunsupported.dbms.udc.source=tarball, -Dfile.encoding=UTF-8]
2019-01-22 20:15:40.771+0000 INFO [o.n.i.d.DiagnosticsManager] Java classpath:
2019-01-22 20:15:40.788+0000 INFO [o.n.i.d.DiagnosticsManager]  [classpath + loader.0] file:/var/lib/neo4j/lib/neo4j-cypher-ir-3.5-3.5.1.jar
2019-01-22 20:15:40.788+0000 INFO [o.n.i.d.DiagnosticsManager]  [classpath + loader.0] file:/var/lib/neo4j/lib/jackson-core-asl-1.9.13.jar
2019-01-22 20:15:40.789+0000 INFO [o.n.i.d.DiagnosticsManager]  [classpath + loader.0] file:/var/lib/neo4j/lib/neo4j-dbms-3.5.1.jar
2019-01-22 20:15:40.789+0000 INFO [o.n.i.d.DiagnosticsManager]  [loader.1] file:/usr/lib/jvm/java-1.8-openjdk/jre/lib/ext/jaccess.jar
2019-01-22 20:15:40.789+0000 INFO [o.n.i.d.DiagnosticsManager]  [classpath + loader.0] file:/var/lib/neo4j/lib/neo4j-cypher-planner-3.4-3.4.10.jar
2019-01-22 20:15:40.789+0000 INFO [o.n.i.d.DiagnosticsManager]  [classpath + loader.0] file:/var/lib/neo4j/lib/neo4j-server-3.5.1.jar
2019-01-22 20:15:40.789+0000 INFO [o.n.i.d.DiagnosticsManager]  [classpath + loader.0] file:/var/lib/neo4j/lib/concurrentlinkedhashmap-lru-1.4.2.jar
2019-01-22 20:15:40.789+0000 INFO [o.n.i.d.DiagnosticsManager]  [classpath + loader.0] file:/var/lib/neo4j/lib/jPowerShell-1.9.jar
2019-01-22 20:15:40.791+0000 INFO [o.n.i.d.DiagnosticsManager]  [classpath + loader.0] file:/var/lib/neo4j/lib/neo4j-data-collector-3.5.1.jar
2019-01-22 20:15:40.791+0000 INFO [o.n.i.d.DiagnosticsManager]  [classpath + loader.0] file:/var/lib/neo4j/lib/neo4j-ssl-3.5.1.jar
2019-01-22 20:15:40.791+0000 INFO [o.n.i.d.DiagnosticsManager]  [classpath + loader.0] file:/var/lib/neo4j/lib/neo4j-fulltext-index-3.5.1.jar
2019-01-22 20:15:40.791+0000 INFO [o.n.i.d.DiagnosticsManager]  [classpath + loader.0] file:/var/lib/neo4j/lib/neo4j-cypher-runtime-util-3.5.1.jar
2019-01-22 20:15:40.791+0000 INFO [o.n.i.d.DiagnosticsManager]  [classpath + loader.0] file:/var/lib/neo4j/lib/jaxb-runtime-2.3.0.1.jar
2019-01-22 20:15:40.791+0000 INFO [o.n.i.d.DiagnosticsManager]  [classpath + loader.0] file:/var/lib/neo4j/lib/jersey-server-1.19.3.jar
2019-01-22 20:15:40.791+0000 INFO [o.n.i.d.DiagnosticsManager]  [bootstrap] /usr/lib/jvm/java-1.8-openjdk/jre/lib/jce.jar
2019-01-22 20:15:40.791+0000 INFO [o.n.i.d.DiagnosticsManager]  [classpath + loader.0] file:/var/lib/neo4j/lib/neo4j-cypher-planner-spi-3.4-3.4.10.jar
2019-01-22 20:15:40.791+0000 INFO [o.n.i.d.DiagnosticsManager]  [classpath + loader.0] file:/var/lib/neo4j/lib/commons-io-2.6.jar
2019-01-22 20:15:40.792+0000 INFO [o.n.i.d.DiagnosticsManager]  [classpath + loader.0] file:/var/lib/neo4j/lib/jetty-util-9.4.11.v20180605.jar
2019-01-22 20:15:40.792+0000 INFO [o.n.i.d.DiagnosticsManager]  [classpath + loader.0] file:/var/lib/neo4j/lib/jersey-core-1.19.3.jar
2019-01-22 20:15:40.792+0000 INFO [o.n.i.d.DiagnosticsManager]  [classpath + loader.0] file:/var/lib/neo4j/lib/neo4j-collections-3.5.1.jar
2019-01-22 20:15:40.792+0000 INFO [o.n.i.d.DiagnosticsManager]  [classpath + loader.0] file:/var/lib/neo4j/lib/commons-configuration-1.10.jar
2019-01-22 20:15:40.792+0000 INFO [o.n.i.d.DiagnosticsManager]  [classpath + loader.0] file:/var/lib/neo4j/lib/neo4j-util-3.5-3.5.1.jar
2019-01-22 20:15:40.792+0000 INFO [o.n.i.d.DiagnosticsManager]  [classpath + loader.0] file:/var/lib/neo4j/lib/neo4j-cypher-logical-plans-3.5-3.5.1.jar
2019-01-22 20:15:40.792+0000 INFO [o.n.i.d.DiagnosticsManager]  [loader.1] file:/usr/lib/jvm/java-1.8-openjdk/jre/lib/ext/sunec.jar
2019-01-22 20:15:40.792+0000 INFO [o.n.i.d.DiagnosticsManager]  [classpath + loader.0] file:/var/lib/neo4j/lib/neo4j-cypher-util-3.4-3.4.10.jar
2019-01-22 20:15:40.792+0000 INFO [o.n.i.d.DiagnosticsManager]  [classpath + loader.0] file:/var/lib/neo4j/lib/jersey-servlet-1.19.3.jar
2019-01-22 20:15:40.793+0000 INFO [o.n.i.d.DiagnosticsManager]  [classpath + loader.0] file:/var/lib/neo4j/lib/neo4j-3.5.1.jar
2019-01-22 20:15:40.793+0000 INFO [o.n.i.d.DiagnosticsManager]  [classpath + loader.0] file:/var/lib/neo4j/lib/neo4j-concurrent-3.5.1.jar
2019-01-22 20:15:40.793+0000 INFO [o.n.i.d.DiagnosticsManager]  [classpath + loader.0] file:/var/lib/neo4j/lib/scala-library-2.11.12.jar
2019-01-22 20:15:40.793+0000 INFO [o.n.i.d.DiagnosticsManager]  [bootstrap] /usr/lib/jvm/java-1.8-openjdk/jre/classes
2019-01-22 20:15:40.793+0000 INFO [o.n.i.d.DiagnosticsManager]  [classpath + loader.0] file:/var/lib/neo4j/lib/neo4j-csv-3.5.1.jar
2019-01-22 20:15:40.793+0000 INFO [o.n.i.d.DiagnosticsManager]  [classpath + loader.0] file:/var/lib/neo4j/lib/neo4j-consistency-check-3.5.1.jar
2019-01-22 20:15:40.793+0000 INFO [o.n.i.d.DiagnosticsManager]  [classpath + loader.0] file:/var/lib/neo4j/lib/neo4j-rewriting-3.5-3.5.1.jar
2019-01-22 20:15:40.793+0000 INFO [o.n.i.d.DiagnosticsManager]  [classpath + loader.0] file:/var/lib/neo4j/lib/neo4j-front-end-3.5-3.5.1.jar
2019-01-22 20:15:40.793+0000 INFO [o.n.i.d.DiagnosticsManager]  [classpath + loader.0] file:/var/lib/neo4j/lib/neo4j-cypher-3.5.1.jar
2019-01-22 20:15:40.793+0000 INFO [o.n.i.d.DiagnosticsManager]  [classpath + loader.0] file:/var/lib/neo4j/lib/jetty-security-9.4.11.v20180605.jar
2019-01-22 20:15:40.794+0000 INFO [o.n.i.d.DiagnosticsManager]  [classpath + loader.0] file:/var/lib/neo4j/lib/neo4j-udc-3.5.1.jar
2019-01-22 20:15:40.794+0000 INFO [o.n.i.d.DiagnosticsManager]  [classpath + loader.0] file:/var/lib/neo4j/lib/neo4j-codegen-3.5.1.jar
2019-01-22 20:15:40.794+0000 INFO [o.n.i.d.DiagnosticsManager]  [classpath + loader.0] file:/var/lib/neo4j/lib/jetty-servlet-9.4.11.v20180605.jar
2019-01-22 20:15:40.795+0000 INFO [o.n.i.d.DiagnosticsManager]  [classpath + loader.0] file:/var/lib/neo4j/lib/jaxb-core-2.3.0.1.jar
2019-01-22 20:15:40.795+0000 INFO [o.n.i.d.DiagnosticsManager]  [classpath + loader.0] file:/var/lib/neo4j/lib/netty-all-4.1.30.Final.jar
2019-01-22 20:15:40.796+0000 INFO [o.n.i.d.DiagnosticsManager]  [classpath + loader.0] file:/var/lib/neo4j/lib/javax.servlet-api-3.1.0.jar
2019-01-22 20:15:40.796+0000 INFO [o.n.i.d.DiagnosticsManager]  [bootstrap] /usr/lib/jvm/java-1.8-openjdk/jre/lib/rt.jar
2019-01-22 20:15:40.796+0000 INFO [o.n.i.d.DiagnosticsManager]  [loader.1] file:/usr/lib/jvm/java-1.8-openjdk/jre/lib/ext/localedata.jar
2019-01-22 20:15:40.796+0000 INFO [o.n.i.d.DiagnosticsManager]  [classpath + loader.0] file:/var/lib/neo4j/lib/neo4j-cypher-compiler-2.3-2.3.12.jar
2019-01-22 20:15:40.796+0000 INFO [o.n.i.d.DiagnosticsManager]  [classpath + loader.0] file:/var/lib/neo4j/lib/jProcesses-1.6.4.jar
2019-01-22 20:15:40.796+0000 INFO [o.n.i.d.DiagnosticsManager]  [classpath + loader.0] file:/var/lib/neo4j/lib/scala-reflect-2.11.12.jar
2019-01-22 20:15:40.796+0000 INFO [o.n.i.d.DiagnosticsManager]  [classpath + loader.0] file:/var/lib/neo4j/plugins/
2019-01-22 20:15:40.796+0000 INFO [o.n.i.d.DiagnosticsManager]  [classpath + loader.0] file:/var/lib/neo4j/lib/neo4j-resource-3.5.1.jar
2019-01-22 20:15:40.796+0000 INFO [o.n.i.d.DiagnosticsManager]  [loader.1] file:/usr/lib/jvm/java-1.8-openjdk/jre/lib/ext/sunjce_provider.jar
2019-01-22 20:15:40.796+0000 INFO [o.n.i.d.DiagnosticsManager]  [classpath + loader.0] file:/var/lib/neo4j/lib/commons-lang-2.6.jar
2019-01-22 20:15:40.796+0000 INFO [o.n.i.d.DiagnosticsManager]  [classpath + loader.0] file:/var/lib/neo4j/lib/lucene-core-5.5.5.jar
2019-01-22 20:15:40.796+0000 INFO [o.n.i.d.DiagnosticsManager]  [classpath + loader.0] file:/var/lib/neo4j/lib/commons-compress-1.18.jar
2019-01-22 20:15:40.797+0000 INFO [o.n.i.d.DiagnosticsManager]  [classpath + loader.0] file:/var/lib/neo4j/lib/neo4j-parser-3.5-3.5.1.jar
2019-01-22 20:15:40.797+0000 INFO [o.n.i.d.DiagnosticsManager]  [classpath + loader.0] file:/var/lib/neo4j/lib/lucene-codecs-5.5.5.jar
2019-01-22 20:15:40.797+0000 INFO [o.n.i.d.DiagnosticsManager]  [classpath + loader.0] file:/var/lib/neo4j/lib/neo4j-lucene-index-3.5.1.jar
2019-01-22 20:15:40.797+0000 INFO [o.n.i.d.DiagnosticsManager]  [classpath + loader.0] file:/var/lib/neo4j/lib/neo4j-diagnostics-3.5.1.jar
2019-01-22 20:15:40.797+0000 INFO [o.n.i.d.DiagnosticsManager]  [classpath + loader.0] file:/var/lib/neo4j/lib/activation-1.1.1.jar
2019-01-22 20:15:40.797+0000 INFO [o.n.i.d.DiagnosticsManager]  [classpath + loader.0] file:/var/lib/neo4j/lib/neo4j-cypher-interpreted-runtime-3.5.1.jar
2019-01-22 20:15:40.797+0000 INFO [o.n.i.d.DiagnosticsManager]  [classpath + loader.0] file:/var/lib/neo4j/lib/neo4j-cypher-ir-3.4-3.4.10.jar
2019-01-22 20:15:40.797+0000 INFO [o.n.i.d.DiagnosticsManager]  [loader.1] file:/usr/lib/jvm/java-1.8-openjdk/jre/lib/ext/nashorn.jar
2019-01-22 20:15:40.797+0000 INFO [o.n.i.d.DiagnosticsManager]  [classpath + loader.0] file:/var/lib/neo4j/lib/neo4j-cypher-compiler-3.1-3.1.9.jar
2019-01-22 20:15:40.797+0000 INFO [o.n.i.d.DiagnosticsManager]  [classpath + loader.0] file:/var/lib/neo4j/lib/eclipse-collections-9.2.0.jar
2019-01-22 20:15:40.798+0000 INFO [o.n.i.d.DiagnosticsManager]  [loader.1] file:/usr/lib/jvm/java-1.8-openjdk/jre/lib/ext/dnsns.jar
2019-01-22 20:15:40.798+0000 INFO [o.n.i.d.DiagnosticsManager]  [classpath + loader.0] file:/var/lib/neo4j/lib/commons-lang3-3.8.jar
2019-01-22 20:15:40.798+0000 INFO [o.n.i.d.DiagnosticsManager]  [bootstrap] /usr/lib/jvm/java-1.8-openjdk/jre/lib/jfr.jar
2019-01-22 20:15:40.798+0000 INFO [o.n.i.d.DiagnosticsManager]  [classpath + loader.0] file:/var/lib/neo4j/lib/neo4j-logging-3.5.1.jar
2019-01-22 20:15:40.798+0000 INFO [o.n.i.d.DiagnosticsManager]  [classpath + loader.0] file:/var/lib/neo4j/lib/neo4j-kernel-3.5.1.jar
2019-01-22 20:15:40.798+0000 INFO [o.n.i.d.DiagnosticsManager]  [classpath + loader.0] file:/var/lib/neo4j/lib/FastInfoset-1.2.13.jar
2019-01-22 20:15:40.798+0000 INFO [o.n.i.d.DiagnosticsManager]  [classpath + loader.0] file:/var/lib/neo4j/lib/neo4j-cypher-logical-plans-3.4-3.4.10.jar
2019-01-22 20:15:40.798+0000 INFO [o.n.i.d.DiagnosticsManager]  [classpath + loader.0] file:/var/lib/neo4j/conf/
2019-01-22 20:15:40.798+0000 INFO [o.n.i.d.DiagnosticsManager]  [classpath + loader.0] file:/var/lib/neo4j/lib/neo4j-unsafe-3.5.1.jar
2019-01-22 20:15:40.799+0000 INFO [o.n.i.d.DiagnosticsManager]  [loader.1] file:/usr/lib/jvm/java-1.8-openjdk/jre/lib/ext/sunpkcs11.jar
2019-01-22 20:15:40.799+0000 INFO [o.n.i.d.DiagnosticsManager]  [classpath + loader.0] file:/var/lib/neo4j/lib/neo4j-cypher-expression-3.4-3.4.10.jar
2019-01-22 20:15:40.799+0000 INFO [o.n.i.d.DiagnosticsManager]  [classpath + loader.0] file:/var/lib/neo4j/lib/neo4j-bolt-3.5.1.jar
2019-01-22 20:15:40.799+0000 INFO [o.n.i.d.DiagnosticsManager]  [classpath + loader.0] file:/var/lib/neo4j/lib/jaxb-api-2.3.0.jar
2019-01-22 20:15:40.799+0000 INFO [o.n.i.d.DiagnosticsManager]  [classpath + loader.0] file:/var/lib/neo4j/lib/jetty-webapp-9.4.11.v20180605.jar
2019-01-22 20:15:40.799+0000 INFO [o.n.i.d.DiagnosticsManager]  [classpath + loader.0] file:/var/lib/neo4j/lib/neo4j-jmx-3.5.1.jar
2019-01-22 20:15:40.799+0000 INFO [o.n.i.d.DiagnosticsManager]  [classpath + loader.0] file:/var/lib/neo4j/lib/neo4j-legacy-3.5.1.jar
2019-01-22 20:15:40.799+0000 INFO [o.n.i.d.DiagnosticsManager]  [classpath + loader.0] file:/var/lib/neo4j/lib/openCypher-frontend-1-3.4.10.jar
2019-01-22 20:15:40.799+0000 INFO [o.n.i.d.DiagnosticsManager]  [classpath + loader.0] file:/var/lib/neo4j/lib/opencsv-2.3.jar
2019-01-22 20:15:40.799+0000 INFO [o.n.i.d.DiagnosticsManager]  [classpath + loader.0] file:/var/lib/neo4j/lib/neo4j-import-tool-3.5.1.jar
2019-01-22 20:15:40.799+0000 INFO [o.n.i.d.DiagnosticsManager]  [classpath + loader.0] file:/var/lib/neo4j/lib/parboiled-scala_2.11-1.1.7.jar
2019-01-22 20:15:40.800+0000 INFO [o.n.i.d.DiagnosticsManager]  [classpath + loader.0] file:/var/lib/neo4j/lib/neo4j-cypher-planner-3.5-3.5.1.jar
2019-01-22 20:15:40.800+0000 INFO [o.n.i.d.DiagnosticsManager]  [classpath + loader.0] file:/var/lib/neo4j/lib/server-api-3.5.1.jar
2019-01-22 20:15:40.800+0000 INFO [o.n.i.d.DiagnosticsManager]  [classpath + loader.0] file:/var/lib/neo4j/lib/txw2-2.3.0.1.jar
2019-01-22 20:15:40.800+0000 INFO [o.n.i.d.DiagnosticsManager]  [classpath + loader.0] file:/var/lib/neo4j/lib/neo4j-security-3.5.1.jar
2019-01-22 20:15:40.800+0000 INFO [o.n.i.d.DiagnosticsManager]  [classpath + loader.0] file:/var/lib/neo4j/lib/jetty-server-9.4.11.v20180605.jar
2019-01-22 20:15:40.800+0000 INFO [o.n.i.d.DiagnosticsManager]  [classpath + loader.0] file:/var/lib/neo4j/lib/neo4j-values-3.5.1.jar
2019-01-22 20:15:40.800+0000 INFO [o.n.i.d.DiagnosticsManager]  [bootstrap] /usr/lib/jvm/java-1.8-openjdk/jre/lib/resources.jar
2019-01-22 20:15:40.800+0000 INFO [o.n.i.d.DiagnosticsManager]  [bootstrap] /usr/lib/jvm/java-1.8-openjdk/jre/lib/charsets.jar
2019-01-22 20:15:40.801+0000 INFO [o.n.i.d.DiagnosticsManager]  [classpath + loader.0] file:/var/lib/neo4j/lib/neo4j-index-3.5.1.jar
2019-01-22 20:15:40.801+0000 INFO [o.n.i.d.DiagnosticsManager]  [classpath + loader.0] file:/var/lib/neo4j/lib/jetty-http-9.4.11.v20180605.jar
2019-01-22 20:15:40.801+0000 INFO [o.n.i.d.DiagnosticsManager]  [classpath + loader.0] file:/var/lib/neo4j/lib/eclipse-collections-api-9.2.0.jar
2019-01-22 20:15:40.801+0000 INFO [o.n.i.d.DiagnosticsManager]  [classpath + loader.0] file:/var/lib/neo4j/lib/jackson-mapper-asl-1.9.13.jar
2019-01-22 20:15:40.801+0000 INFO [o.n.i.d.DiagnosticsManager]  [classpath + loader.0] file:/var/lib/neo4j/lib/stax-ex-1.7.8.jar
2019-01-22 20:15:40.802+0000 INFO [o.n.i.d.DiagnosticsManager]  [classpath + loader.0] file:/var/lib/neo4j/lib/caffeine-2.6.2.jar
2019-01-22 20:15:40.802+0000 INFO [o.n.i.d.DiagnosticsManager]  [classpath + loader.0] file:/var/lib/neo4j/lib/lucene-queryparser-5.5.5.jar
2019-01-22 20:15:40.802+0000 INFO [o.n.i.d.DiagnosticsManager]  [classpath + loader.0] file:/var/lib/neo4j/lib/bcprov-jdk15on-1.60.jar
2019-01-22 20:15:40.803+0000 INFO [o.n.i.d.DiagnosticsManager]  [classpath + loader.0] file:/var/lib/neo4j/lib/neo4j-common-3.5.1.jar
2019-01-22 20:15:40.803+0000 INFO [o.n.i.d.DiagnosticsManager]  [classpath + loader.0] file:/var/lib/neo4j/lib/jackson-jaxrs-1.9.13.jar
2019-01-22 20:15:40.803+0000 INFO [o.n.i.d.DiagnosticsManager]  [classpath + loader.0] file:/var/lib/neo4j/lib/neo4j-lucene-upgrade-3.5.1.jar
2019-01-22 20:15:40.803+0000 INFO [o.n.i.d.DiagnosticsManager]  [classpath + loader.0] file:/var/lib/neo4j/lib/neo4j-configuration-3.5.1.jar
2019-01-22 20:15:40.803+0000 INFO [o.n.i.d.DiagnosticsManager]  [loader.1] file:/usr/lib/jvm/java-1.8-openjdk/jre/lib/ext/zipfs.jar
2019-01-22 20:15:40.803+0000 INFO [o.n.i.d.DiagnosticsManager]  [classpath + loader.0] file:/var/lib/neo4j/lib/neo4j-kernel-api-3.5.1.jar
2019-01-22 20:15:40.804+0000 INFO [o.n.i.d.DiagnosticsManager]  [classpath + loader.0] file:/var/lib/neo4j/lib/neo4j-cypher-frontend-3.1-3.1.9.jar
2019-01-22 20:15:40.804+0000 INFO [o.n.i.d.DiagnosticsManager]  [classpath + loader.0] file:/var/lib/neo4j/lib/WMI4Java-1.6.1.jar
2019-01-22 20:15:40.804+0000 INFO [o.n.i.d.DiagnosticsManager]  [classpath + loader.0] file:/var/lib/neo4j/plugins/*
2019-01-22 20:15:40.804+0000 INFO [o.n.i.d.DiagnosticsManager]  [classpath + loader.0] file:/var/lib/neo4j/lib/neo4j-ast-3.5-3.5.1.jar
2019-01-22 20:15:40.804+0000 INFO [o.n.i.d.DiagnosticsManager]  [classpath + loader.0] file:/var/lib/neo4j/lib/neo4j-cypher-planner-spi-3.5-3.5.1.jar
2019-01-22 20:15:40.804+0000 INFO [o.n.i.d.DiagnosticsManager]  [loader.1] file:/usr/lib/jvm/java-1.8-openjdk/jre/lib/ext/cldrdata.jar
2019-01-22 20:15:40.804+0000 INFO [o.n.i.d.DiagnosticsManager]  [classpath + loader.0] file:/var/lib/neo4j/lib/istack-commons-runtime-3.0.5.jar
2019-01-22 20:15:40.805+0000 INFO [o.n.i.d.DiagnosticsManager]  [classpath + loader.0] file:/var/lib/neo4j/lib/jsr311-api-1.1.2.r612.jar
2019-01-22 20:15:40.805+0000 INFO [o.n.i.d.DiagnosticsManager]  [classpath + loader.0] file:/var/lib/neo4j/lib/jetty-xml-9.4.11.v20180605.jar
2019-01-22 20:15:40.805+0000 INFO [o.n.i.d.DiagnosticsManager]  [classpath + loader.0] file:/var/lib/neo4j/lib/neo4j-cypher-frontend-2.3-2.3.12.jar
2019-01-22 20:15:40.805+0000 INFO [o.n.i.d.DiagnosticsManager]  [classpath + loader.0] file:/var/lib/neo4j/lib/neo4j-graphdb-api-3.5.1.jar
2019-01-22 20:15:40.805+0000 INFO [o.n.i.d.DiagnosticsManager]  [classpath + loader.0] file:/var/lib/neo4j/lib/lucene-analyzers-common-5.5.5.jar
2019-01-22 20:15:40.805+0000 INFO [o.n.i.d.DiagnosticsManager]  [classpath + loader.0] file:/var/lib/neo4j/lib/neo4j-expressions-3.5-3.5.1.jar
2019-01-22 20:15:40.805+0000 INFO [o.n.i.d.DiagnosticsManager]  [bootstrap] /usr/lib/jvm/java-1.8-openjdk/jre/lib/jsse.jar
2019-01-22 20:15:40.805+0000 INFO [o.n.i.d.DiagnosticsManager]  [classpath + loader.0] file:/var/lib/neo4j/lib/neo4j-browser-3.2.15.jar
2019-01-22 20:15:40.805+0000 INFO [o.n.i.d.DiagnosticsManager]  [bootstrap] /usr/lib/jvm/java-1.8-openjdk/jre/lib/sunrsasign.jar
2019-01-22 20:15:40.805+0000 INFO [o.n.i.d.DiagnosticsManager]  [classpath + loader.0] file:/var/lib/neo4j/lib/bcpkix-jdk15on-1.60.jar
2019-01-22 20:15:40.805+0000 INFO [o.n.i.d.DiagnosticsManager]  [classpath + loader.0] file:/var/lib/neo4j/lib/commons-logging-1.1.1.jar
2019-01-22 20:15:40.806+0000 INFO [o.n.i.d.DiagnosticsManager]  [classpath + loader.0] file:/var/lib/neo4j/lib/neo4j-spatial-index-3.5.1.jar
2019-01-22 20:15:40.806+0000 INFO [o.n.i.d.DiagnosticsManager]  [classpath + loader.0] file:/var/lib/neo4j/lib/commons-text-1.4.jar
2019-01-22 20:15:40.806+0000 INFO [o.n.i.d.DiagnosticsManager]  [classpath + loader.0] file:/var/lib/neo4j/lib/neo4j-io-3.5.1.jar
2019-01-22 20:15:40.806+0000 INFO [o.n.i.d.DiagnosticsManager]  [classpath + loader.0] file:/var/lib/neo4j/lib/jetty-io-9.4.11.v20180605.jar
2019-01-22 20:15:40.806+0000 INFO [o.n.i.d.DiagnosticsManager]  [classpath + loader.0] file:/var/lib/neo4j/lib/neo4j-graph-matching-3.1.9.jar
2019-01-22 20:15:40.806+0000 INFO [o.n.i.d.DiagnosticsManager]  [classpath + loader.0] file:/var/lib/neo4j/lib/parboiled-core-1.1.7.jar
2019-01-22 20:15:40.806+0000 INFO [o.n.i.d.DiagnosticsManager]  [classpath + loader.0] file:/var/lib/neo4j/lib/neo4j-graph-algo-3.5.1.jar
2019-01-22 20:15:40.806+0000 INFO [o.n.i.d.DiagnosticsManager]  [classpath + loader.0] file:/var/lib/neo4j/lib/neo4j-command-line-3.5.1.jar
2019-01-22 20:15:40.807+0000 INFO [o.n.i.d.DiagnosticsManager]  [classpath + loader.0] file:/var/lib/neo4j/lib/neo4j-procedure-api-3.5.1.jar
2019-01-22 20:15:40.807+0000 INFO [o.n.i.d.DiagnosticsManager] Library path:
2019-01-22 20:15:40.807+0000 INFO [o.n.i.d.DiagnosticsManager] /usr/lib/jvm/java-1.8-openjdk/jre/lib/amd64/server
2019-01-22 20:15:40.807+0000 INFO [o.n.i.d.DiagnosticsManager] /usr/lib/jvm/java-1.8-openjdk/jre/lib/amd64
2019-01-22 20:15:40.808+0000 INFO [o.n.i.d.DiagnosticsManager] /usr/lib/jvm/java-1.8-openjdk/lib/amd64
2019-01-22 20:15:40.808+0000 INFO [o.n.i.d.DiagnosticsManager] /usr/java/packages/lib/amd64
2019-01-22 20:15:40.808+0000 INFO [o.n.i.d.DiagnosticsManager] /usr/lib64
2019-01-22 20:15:40.808+0000 INFO [o.n.i.d.DiagnosticsManager] /lib64
2019-01-22 20:15:40.808+0000 INFO [o.n.i.d.DiagnosticsManager] /lib
2019-01-22 20:15:40.808+0000 INFO [o.n.i.d.DiagnosticsManager] /usr/lib
2019-01-22 20:15:40.808+0000 INFO [o.n.i.d.DiagnosticsManager] System.properties:
2019-01-22 20:15:40.809+0000 INFO [o.n.i.d.DiagnosticsManager] sun.boot.library.path = /usr/lib/jvm/java-1.8-openjdk/jre/lib/amd64
2019-01-22 20:15:40.810+0000 INFO [o.n.i.d.DiagnosticsManager] jdk.tls.rejectClientInitiatedRenegotiation = true
2019-01-22 20:15:40.810+0000 INFO [o.n.i.d.DiagnosticsManager] path.separator = :
2019-01-22 20:15:40.810+0000 INFO [o.n.i.d.DiagnosticsManager] file.encoding.pkg = sun.io
2019-01-22 20:15:40.810+0000 INFO [o.n.i.d.DiagnosticsManager] user.country = US
2019-01-22 20:15:40.810+0000 INFO [o.n.i.d.DiagnosticsManager] sun.java.launcher = SUN_STANDARD
2019-01-22 20:15:40.810+0000 INFO [o.n.i.d.DiagnosticsManager] sun.os.patch.level = unknown
2019-01-22 20:15:40.810+0000 INFO [o.n.i.d.DiagnosticsManager] user.dir = /var/lib/neo4j
2019-01-22 20:15:40.810+0000 INFO [o.n.i.d.DiagnosticsManager] sun.jnu.encoding = UTF-8
2019-01-22 20:15:40.810+0000 INFO [o.n.i.d.DiagnosticsManager] unsupported.dbms.udc.source = tarball
2019-01-22 20:15:40.810+0000 INFO [o.n.i.d.DiagnosticsManager] sun.management.compiler = HotSpot 64-Bit Tiered Compilers
2019-01-22 20:15:40.811+0000 INFO [o.n.i.d.DiagnosticsManager] user.home = /var/lib/neo4j
2019-01-22 20:15:40.811+0000 INFO [o.n.i.d.DiagnosticsManager] user.timezone = GMT
2019-01-22 20:15:40.811+0000 INFO [o.n.i.d.DiagnosticsManager] file.encoding = UTF-8
2019-01-22 20:15:40.811+0000 INFO [o.n.i.d.DiagnosticsManager] user.name = neo4j
2019-01-22 20:15:40.811+0000 INFO [o.n.i.d.DiagnosticsManager] sun.java.command = org.neo4j.server.CommunityEntryPoint --home-dir=/var/lib/neo4j --config-dir=/var/lib/neo4j/conf
2019-01-22 20:15:40.811+0000 INFO [o.n.i.d.DiagnosticsManager] sun.arch.data.model = 64
2019-01-22 20:15:40.811+0000 INFO [o.n.i.d.DiagnosticsManager] user.language = en
2019-01-22 20:15:40.811+0000 INFO [o.n.i.d.DiagnosticsManager] awt.toolkit = sun.awt.X11.XToolkit
2019-01-22 20:15:40.811+0000 INFO [o.n.i.d.DiagnosticsManager] jdk.tls.ephemeralDHKeySize = 2048
2019-01-22 20:15:40.811+0000 INFO [o.n.i.d.DiagnosticsManager] file.separator = /
2019-01-22 20:15:40.812+0000 INFO [o.n.i.d.DiagnosticsManager] sun.io.unicode.encoding = UnicodeLittle
2019-01-22 20:15:40.812+0000 INFO [o.n.i.d.DiagnosticsManager] sun.cpu.endian = little
2019-01-22 20:15:40.812+0000 INFO [o.n.i.d.DiagnosticsManager] sun.cpu.isalist = 
2019-01-22 20:15:40.812+0000 INFO [o.n.i.d.DiagnosticsManager] (IANA) TimeZone Database Version:
2019-01-22 20:15:40.895+0000 INFO [o.n.i.d.DiagnosticsManager]   TimeZone version: 2018e (available for 599 zone identifiers)
2019-01-22 20:15:40.895+0000 INFO [o.n.i.d.DiagnosticsManager] Linux scheduler information:
2019-01-22 20:15:40.932+0000 INFO [o.n.i.d.DiagnosticsManager] none
2019-01-22 20:15:40.933+0000 INFO [o.n.i.d.DiagnosticsManager] none
2019-01-22 20:15:40.934+0000 INFO [o.n.i.d.DiagnosticsManager] none
2019-01-22 20:15:40.935+0000 INFO [o.n.i.d.DiagnosticsManager] none
2019-01-22 20:15:40.936+0000 INFO [o.n.i.d.DiagnosticsManager] none
2019-01-22 20:15:40.936+0000 INFO [o.n.i.d.DiagnosticsManager] none
2019-01-22 20:15:40.937+0000 INFO [o.n.i.d.DiagnosticsManager] none
2019-01-22 20:15:40.937+0000 INFO [o.n.i.d.DiagnosticsManager] noop [deadline] cfq 
2019-01-22 20:15:40.937+0000 INFO [o.n.i.d.DiagnosticsManager] none
2019-01-22 20:15:40.939+0000 INFO [o.n.i.d.DiagnosticsManager] none
2019-01-22 20:15:40.939+0000 INFO [o.n.i.d.DiagnosticsManager] none
2019-01-22 20:15:40.940+0000 INFO [o.n.i.d.DiagnosticsManager] noop [deadline] cfq 
2019-01-22 20:15:40.940+0000 INFO [o.n.i.d.DiagnosticsManager] none
2019-01-22 20:15:40.941+0000 INFO [o.n.i.d.DiagnosticsManager] none
2019-01-22 20:15:40.941+0000 INFO [o.n.i.d.DiagnosticsManager] none
2019-01-22 20:15:40.941+0000 INFO [o.n.i.d.DiagnosticsManager] none
2019-01-22 20:15:40.942+0000 INFO [o.n.i.d.DiagnosticsManager] none
2019-01-22 20:15:40.942+0000 INFO [o.n.i.d.DiagnosticsManager] none
2019-01-22 20:15:40.943+0000 INFO [o.n.i.d.DiagnosticsManager] noop [deadline] cfq 
2019-01-22 20:15:40.943+0000 INFO [o.n.i.d.DiagnosticsManager] none
2019-01-22 20:15:40.944+0000 INFO [o.n.i.d.DiagnosticsManager] none
2019-01-22 20:15:40.944+0000 INFO [o.n.i.d.DiagnosticsManager] none
2019-01-22 20:15:40.944+0000 INFO [o.n.i.d.DiagnosticsManager] none
2019-01-22 20:15:40.945+0000 INFO [o.n.i.d.DiagnosticsManager] none
2019-01-22 20:15:40.945+0000 INFO [o.n.i.d.DiagnosticsManager] noop [deadline] cfq 
2019-01-22 20:15:40.946+0000 INFO [o.n.i.d.DiagnosticsManager] none
2019-01-22 20:15:40.946+0000 INFO [o.n.i.d.DiagnosticsManager] none
2019-01-22 20:15:40.947+0000 INFO [o.n.i.d.DiagnosticsManager] none
2019-01-22 20:15:40.947+0000 INFO [o.n.i.d.DiagnosticsManager] Network information:
2019-01-22 20:15:40.952+0000 INFO [o.n.i.d.DiagnosticsManager] Interface eth0:
2019-01-22 20:15:40.953+0000 INFO [o.n.i.d.DiagnosticsManager]     address: 172.17.0.2
2019-01-22 20:15:40.953+0000 INFO [o.n.i.d.DiagnosticsManager] Interface lo:
2019-01-22 20:15:40.953+0000 INFO [o.n.i.d.DiagnosticsManager]     address: 127.0.0.1
2019-01-22 20:15:40.953+0000 INFO [o.n.i.d.DiagnosticsManager] --- INITIALIZED diagnostics END ---
2019-01-22 20:15:44.569+0000 INFO [o.n.k.i.s.f.RecordFormatSelector] Selected RecordFormat:StandardV3_4[v0.A.9] record format from store /data/databases/graph.db
2019-01-22 20:15:44.843+0000 INFO [o.n.k.i.s.f.RecordFormatSelector] Selected RecordFormat:StandardV3_4[v0.A.9] record format from store /data/databases/graph.db
2019-01-22 20:15:44.844+0000 INFO [o.n.k.i.s.f.RecordFormatSelector] Format not configured. Selected format from the store: RecordFormat:StandardV3_4[v0.A.9]
2019-01-22 20:15:47.351+0000 INFO [o.n.k.i.a.i.IndexingService] IndexingService.init: indexes not specifically mentioned above are ONLINE
2019-01-22 20:15:47.386+0000 INFO [o.n.k.NeoStoreDataSource] No commits found after last check point (which is at LogPosition{logVersion=0, byteOffset=93643363})
2019-01-22 20:15:47.434+0000 INFO [o.n.k.i.a.i.IndexingService] IndexingService.start: indexes not specifically mentioned above are ONLINE
2019-01-22 20:15:47.486+0000 INFO [o.n.i.d.DiagnosticsManager] --- STARTED diagnostics for KernelDiagnostics:Versions START ---
2019-01-22 20:15:47.487+0000 INFO [o.n.i.d.DiagnosticsManager] Graph Database: community single StoreId{creationTime=1548106957876, randomId=8371088570453112779, storeVersion=16094931155187206, upgradeTime=1548106957876, upgradeId=1}
2019-01-22 20:15:47.489+0000 INFO [o.n.i.d.DiagnosticsManager] Kernel version: 3.5.1,99c5f48e0ffe808f65689376e043bf44914de2c1
2019-01-22 20:15:47.489+0000 INFO [o.n.i.d.DiagnosticsManager] --- STARTED diagnostics for KernelDiagnostics:Versions END ---
2019-01-22 20:15:47.536+0000 INFO [o.n.i.d.DiagnosticsManager] --- STARTED diagnostics for NEO_STORE_VERSIONS START ---
2019-01-22 20:15:47.536+0000 INFO [o.n.i.d.DiagnosticsManager] Store versions:
2019-01-22 20:15:47.539+0000 INFO [o.n.i.d.DiagnosticsManager]   ArrayPropertyStore v0.A.9
2019-01-22 20:15:47.539+0000 INFO [o.n.i.d.DiagnosticsManager]   NodeStore v0.A.9
2019-01-22 20:15:47.539+0000 INFO [o.n.i.d.DiagnosticsManager]   StringPropertyStore v0.A.9
2019-01-22 20:15:47.539+0000 INFO [o.n.i.d.DiagnosticsManager]   PropertyIndexStore v0.A.9
2019-01-22 20:15:47.539+0000 INFO [o.n.i.d.DiagnosticsManager]   StringPropertyStore v0.A.9
2019-01-22 20:15:47.539+0000 INFO [o.n.i.d.DiagnosticsManager]   ArrayPropertyStore v0.A.9
2019-01-22 20:15:47.539+0000 INFO [o.n.i.d.DiagnosticsManager]   PropertyStore v0.A.9
2019-01-22 20:15:47.540+0000 INFO [o.n.i.d.DiagnosticsManager]   RelationshipStore v0.A.9
2019-01-22 20:15:47.540+0000 INFO [o.n.i.d.DiagnosticsManager]   StringPropertyStore v0.A.9
2019-01-22 20:15:47.540+0000 INFO [o.n.i.d.DiagnosticsManager]   RelationshipTypeStore v0.A.9
2019-01-22 20:15:47.540+0000 INFO [o.n.i.d.DiagnosticsManager]   StringPropertyStore v0.A.9
2019-01-22 20:15:47.540+0000 INFO [o.n.i.d.DiagnosticsManager]   LabelTokenStore v0.A.9
2019-01-22 20:15:47.540+0000 INFO [o.n.i.d.DiagnosticsManager]   SchemaStore v0.A.9
2019-01-22 20:15:47.541+0000 INFO [o.n.i.d.DiagnosticsManager]   RelationshipGroupStore v0.A.9
2019-01-22 20:15:47.541+0000 INFO [o.n.i.d.DiagnosticsManager]   NeoStore v0.A.9
2019-01-22 20:15:47.541+0000 INFO [o.n.i.d.DiagnosticsManager] --- STARTED diagnostics for NEO_STORE_VERSIONS END ---
2019-01-22 20:15:47.541+0000 INFO [o.n.i.d.DiagnosticsManager] --- STARTED diagnostics for NEO_STORE_ID_USAGE START ---
2019-01-22 20:15:47.541+0000 INFO [o.n.i.d.DiagnosticsManager] Id usage:
2019-01-22 20:15:47.543+0000 INFO [o.n.i.d.DiagnosticsManager]   ArrayPropertyStore: used=1 high=0
2019-01-22 20:15:47.543+0000 INFO [o.n.i.d.DiagnosticsManager]   NodeStore: used=117401 high=117400
2019-01-22 20:15:47.543+0000 INFO [o.n.i.d.DiagnosticsManager]   StringPropertyStore: used=291 high=290
2019-01-22 20:15:47.543+0000 INFO [o.n.i.d.DiagnosticsManager]   PropertyIndexStore: used=289 high=288
2019-01-22 20:15:47.543+0000 INFO [o.n.i.d.DiagnosticsManager]   StringPropertyStore: used=26123 high=26122
2019-01-22 20:15:47.544+0000 INFO [o.n.i.d.DiagnosticsManager]   ArrayPropertyStore: used=1 high=0
2019-01-22 20:15:47.544+0000 INFO [o.n.i.d.DiagnosticsManager]   PropertyStore: used=720520 high=720519
2019-01-22 20:15:47.544+0000 INFO [o.n.i.d.DiagnosticsManager]   RelationshipStore: used=2121969 high=2121968
2019-01-22 20:15:47.544+0000 INFO [o.n.i.d.DiagnosticsManager]   StringPropertyStore: used=6 high=5
2019-01-22 20:15:47.544+0000 INFO [o.n.i.d.DiagnosticsManager]   RelationshipTypeStore: used=5 high=4
2019-01-22 20:15:47.544+0000 INFO [o.n.i.d.DiagnosticsManager]   StringPropertyStore: used=8 high=7
2019-01-22 20:15:47.544+0000 INFO [o.n.i.d.DiagnosticsManager]   LabelTokenStore: used=7 high=6
2019-01-22 20:15:47.544+0000 INFO [o.n.i.d.DiagnosticsManager]   SchemaStore: used=6 high=5
2019-01-22 20:15:47.545+0000 INFO [o.n.i.d.DiagnosticsManager]   RelationshipGroupStore: used=99 high=98
2019-01-22 20:15:47.545+0000 INFO [o.n.i.d.DiagnosticsManager]   NeoStore: used=15 high=14
2019-01-22 20:15:47.545+0000 INFO [o.n.i.d.DiagnosticsManager] --- STARTED diagnostics for NEO_STORE_ID_USAGE END ---
2019-01-22 20:15:47.545+0000 INFO [o.n.i.d.DiagnosticsManager] --- STARTED diagnostics for NEO_STORE_RECORDS START ---
2019-01-22 20:15:47.545+0000 INFO [o.n.i.d.DiagnosticsManager] Neostore records:
2019-01-22 20:15:47.546+0000 INFO [o.n.i.d.DiagnosticsManager] TIME (Creation time): 1548106957876
2019-01-22 20:15:47.547+0000 INFO [o.n.i.d.DiagnosticsManager] RANDOM_NUMBER (Random number for store id): 8371088570453112779
2019-01-22 20:15:47.547+0000 INFO [o.n.i.d.DiagnosticsManager] LOG_VERSION (Current log version): 0
2019-01-22 20:15:47.547+0000 INFO [o.n.i.d.DiagnosticsManager] LAST_TRANSACTION_ID (Last committed transaction): 17310
2019-01-22 20:15:47.547+0000 INFO [o.n.i.d.DiagnosticsManager] STORE_VERSION (Store format version): 16094931155187206
2019-01-22 20:15:47.548+0000 INFO [o.n.i.d.DiagnosticsManager] FIRST_GRAPH_PROPERTY (First property record containing graph properties): -1
2019-01-22 20:15:47.548+0000 INFO [o.n.i.d.DiagnosticsManager] LAST_CONSTRAINT_TRANSACTION (Last committed transaction containing constraint changes): 0
2019-01-22 20:15:47.548+0000 INFO [o.n.i.d.DiagnosticsManager] UPGRADE_TRANSACTION_ID (Transaction id most recent upgrade was performed at): 1
2019-01-22 20:15:47.548+0000 INFO [o.n.i.d.DiagnosticsManager] UPGRADE_TIME (Time of last upgrade): 1548106957876
2019-01-22 20:15:47.548+0000 INFO [o.n.i.d.DiagnosticsManager] LAST_TRANSACTION_CHECKSUM (Checksum of last committed transaction): -161142824041
2019-01-22 20:15:47.548+0000 INFO [o.n.i.d.DiagnosticsManager] UPGRADE_TRANSACTION_CHECKSUM (Checksum of transaction id the most recent upgrade was performed at): 0
2019-01-22 20:15:47.549+0000 INFO [o.n.i.d.DiagnosticsManager] LAST_CLOSED_TRANSACTION_LOG_VERSION (Log version where the last transaction commit entry has been written into): 0
2019-01-22 20:15:47.549+0000 INFO [o.n.i.d.DiagnosticsManager] LAST_CLOSED_TRANSACTION_LOG_BYTE_OFFSET (Byte offset in the log file where the last transaction commit entry has been written into): 93643363
2019-01-22 20:15:47.549+0000 INFO [o.n.i.d.DiagnosticsManager] LAST_TRANSACTION_COMMIT_TIMESTAMP (Commit time timestamp for last committed transaction): 1548173763721
2019-01-22 20:15:47.549+0000 INFO [o.n.i.d.DiagnosticsManager] UPGRADE_TRANSACTION_COMMIT_TIMESTAMP (Commit timestamp of transaction the most recent upgrade was performed at): 0
2019-01-22 20:15:47.549+0000 INFO [o.n.i.d.DiagnosticsManager] --- STARTED diagnostics for NEO_STORE_RECORDS END ---
2019-01-22 20:15:47.553+0000 INFO [o.n.i.d.DiagnosticsManager] --- STARTED diagnostics for TRANSACTION_RANGE START ---
2019-01-22 20:15:47.553+0000 INFO [o.n.i.d.DiagnosticsManager] Transaction log:
2019-01-22 20:15:47.567+0000 INFO [o.n.i.d.DiagnosticsManager] Oldest transaction 2 found in log with version 0
2019-01-22 20:15:47.567+0000 INFO [o.n.i.d.DiagnosticsManager] --- STARTED diagnostics for TRANSACTION_RANGE END ---
2019-01-22 20:15:47.590+0000 INFO [o.n.i.d.DiagnosticsManager] --- STARTED diagnostics for KernelDiagnostics:StoreFiles START ---
2019-01-22 20:15:47.592+0000 INFO [o.n.i.d.DiagnosticsManager] Disk space on partition (Total / Free / Free %): 499963174912 / 158101557248 / 31
2019-01-22 20:15:47.593+0000 INFO [o.n.i.d.DiagnosticsManager] Storage files: (filename : modification date - size)
2019-01-22 20:15:47.607+0000 INFO [o.n.i.d.DiagnosticsManager]   index:
2019-01-22 20:15:47.613+0000 INFO [o.n.i.d.DiagnosticsManager]   - Total: 2019-01-21T21:42:39+0000 - 0.00 B
2019-01-22 20:15:47.617+0000 INFO [o.n.i.d.DiagnosticsManager]   neostore: 2019-01-22T16:38:15+0000 - 8.00 kB
2019-01-22 20:15:47.619+0000 INFO [o.n.i.d.DiagnosticsManager]   neostore.counts.db.a: 2019-01-22T16:38:15+0000 - 1.28 kB
2019-01-22 20:15:47.621+0000 INFO [o.n.i.d.DiagnosticsManager]   neostore.counts.db.b: 2019-01-22T01:04:56+0000 - 1.09 kB
2019-01-22 20:15:47.624+0000 INFO [o.n.i.d.DiagnosticsManager]   neostore.id: 2019-01-22T20:15:45+0000 - 9.00 B
2019-01-22 20:15:47.627+0000 INFO [o.n.i.d.DiagnosticsManager]   neostore.labelscanstore.db: 2019-01-22T20:15:47+0000 - 112.00 kB
2019-01-22 20:15:47.631+0000 INFO [o.n.i.d.DiagnosticsManager]   neostore.labeltokenstore.db: 2019-01-22T20:14:45+0000 - 8.00 kB
2019-01-22 20:15:47.634+0000 INFO [o.n.i.d.DiagnosticsManager]   neostore.labeltokenstore.db.id: 2019-01-22T20:15:45+0000 - 9.00 B
2019-01-22 20:15:47.637+0000 INFO [o.n.i.d.DiagnosticsManager]   neostore.labeltokenstore.db.names: 2019-01-22T00:43:34+0000 - 8.00 kB
2019-01-22 20:15:47.639+0000 INFO [o.n.i.d.DiagnosticsManager]   neostore.labeltokenstore.db.names.id: 2019-01-22T20:15:45+0000 - 9.00 B
2019-01-22 20:15:47.642+0000 INFO [o.n.i.d.DiagnosticsManager]   neostore.nodestore.db: 2019-01-22T01:04:56+0000 - 1.69 MB
2019-01-22 20:15:47.645+0000 INFO [o.n.i.d.DiagnosticsManager]   neostore.nodestore.db.id: 2019-01-22T20:15:45+0000 - 9.00 B
2019-01-22 20:15:47.649+0000 INFO [o.n.i.d.DiagnosticsManager]   neostore.nodestore.db.labels: 2019-01-21T21:42:36+0000 - 8.00 kB
2019-01-22 20:15:47.652+0000 INFO [o.n.i.d.DiagnosticsManager]   neostore.nodestore.db.labels.id: 2019-01-22T20:15:44+0000 - 9.00 B
2019-01-22 20:15:47.655+0000 INFO [o.n.i.d.DiagnosticsManager]   neostore.propertystore.db: 2019-01-22T00:43:34+0000 - 28.18 MB
2019-01-22 20:15:47.658+0000 INFO [o.n.i.d.DiagnosticsManager]   neostore.propertystore.db.arrays: 2019-01-21T21:42:37+0000 - 8.00 kB
2019-01-22 20:15:47.661+0000 INFO [o.n.i.d.DiagnosticsManager]   neostore.propertystore.db.arrays.id: 2019-01-22T20:15:45+0000 - 9.00 B
2019-01-22 20:15:47.664+0000 INFO [o.n.i.d.DiagnosticsManager]   neostore.propertystore.db.id: 2019-01-22T20:15:45+0000 - 9.00 B
2019-01-22 20:15:47.667+0000 INFO [o.n.i.d.DiagnosticsManager]   neostore.propertystore.db.index: 2019-01-22T20:14:45+0000 - 8.00 kB
2019-01-22 20:15:47.672+0000 INFO [o.n.i.d.DiagnosticsManager]   neostore.propertystore.db.index.id: 2019-01-22T20:15:45+0000 - 9.00 B
2019-01-22 20:15:47.675+0000 INFO [o.n.i.d.DiagnosticsManager]   neostore.propertystore.db.index.keys: 2019-01-21T22:14:49+0000 - 15.96 kB
2019-01-22 20:15:47.679+0000 INFO [o.n.i.d.DiagnosticsManager]   neostore.propertystore.db.index.keys.id: 2019-01-22T20:15:45+0000 - 9.00 B
2019-01-22 20:15:47.683+0000 INFO [o.n.i.d.DiagnosticsManager]   neostore.propertystore.db.strings: 2019-01-21T22:14:49+0000 - 3.20 MB
2019-01-22 20:15:47.686+0000 INFO [o.n.i.d.DiagnosticsManager]   neostore.propertystore.db.strings.id: 2019-01-22T20:15:45+0000 - 9.00 B
2019-01-22 20:15:47.691+0000 INFO [o.n.i.d.DiagnosticsManager]   neostore.relationshipgroupstore.db: 2019-01-22T01:04:56+0000 - 8.00 kB
2019-01-22 20:15:47.693+0000 INFO [o.n.i.d.DiagnosticsManager]   neostore.relationshipgroupstore.db.id: 2019-01-22T20:15:45+0000 - 9.00 B
2019-01-22 20:15:47.698+0000 INFO [o.n.i.d.DiagnosticsManager]   neostore.relationshipstore.db: 2019-01-22T01:04:56+0000 - 68.81 MB
2019-01-22 20:15:47.701+0000 INFO [o.n.i.d.DiagnosticsManager]   neostore.relationshipstore.db.id: 2019-01-22T20:15:45+0000 - 9.00 B
2019-01-22 20:15:47.704+0000 INFO [o.n.i.d.DiagnosticsManager]   neostore.relationshiptypestore.db: 2019-01-22T20:14:45+0000 - 8.00 kB
2019-01-22 20:15:47.707+0000 INFO [o.n.i.d.DiagnosticsManager]   neostore.relationshiptypestore.db.id: 2019-01-22T20:15:45+0000 - 9.00 B
2019-01-22 20:15:47.712+0000 INFO [o.n.i.d.DiagnosticsManager]   neostore.relationshiptypestore.db.names: 2019-01-21T22:29:58+0000 - 8.00 kB
2019-01-22 20:15:47.715+0000 INFO [o.n.i.d.DiagnosticsManager]   neostore.relationshiptypestore.db.names.id: 2019-01-22T20:15:45+0000 - 9.00 B
2019-01-22 20:15:47.718+0000 INFO [o.n.i.d.DiagnosticsManager]   neostore.schemastore.db: 2019-01-22T16:38:15+0000 - 8.00 kB
2019-01-22 20:15:47.722+0000 INFO [o.n.i.d.DiagnosticsManager]   neostore.schemastore.db.id: 2019-01-22T20:15:45+0000 - 9.00 B
2019-01-22 20:15:47.725+0000 INFO [o.n.i.d.DiagnosticsManager]   neostore.transaction.db.0: 2019-01-22T20:14:45+0000 - 89.31 MB
2019-01-22 20:15:47.726+0000 INFO [o.n.i.d.DiagnosticsManager]   schema:
2019-01-22 20:15:47.732+0000 INFO [o.n.i.d.DiagnosticsManager]     index:
2019-01-22 20:15:47.736+0000 INFO [o.n.i.d.DiagnosticsManager]       native-btree-1.0:
2019-01-22 20:15:47.740+0000 INFO [o.n.i.d.DiagnosticsManager]         1:
2019-01-22 20:15:47.746+0000 INFO [o.n.i.d.DiagnosticsManager]           index-1: 2019-01-22T20:15:47+0000 - 352.00 kB
2019-01-22 20:15:47.746+0000 INFO [o.n.i.d.DiagnosticsManager]         - Total: 2019-01-22T16:14:42+0000 - 352.00 kB
2019-01-22 20:15:47.750+0000 INFO [o.n.i.d.DiagnosticsManager]         3:
2019-01-22 20:15:47.755+0000 INFO [o.n.i.d.DiagnosticsManager]           index-3: 2019-01-22T20:15:47+0000 - 48.00 kB
2019-01-22 20:15:47.756+0000 INFO [o.n.i.d.DiagnosticsManager]         - Total: 2019-01-22T16:15:56+0000 - 48.00 kB
2019-01-22 20:15:47.760+0000 INFO [o.n.i.d.DiagnosticsManager]         5:
2019-01-22 20:15:47.765+0000 INFO [o.n.i.d.DiagnosticsManager]           index-5: 2019-01-22T20:15:47+0000 - 376.00 kB
2019-01-22 20:15:47.766+0000 INFO [o.n.i.d.DiagnosticsManager]         - Total: 2019-01-22T16:16:03+0000 - 376.00 kB
2019-01-22 20:15:47.770+0000 INFO [o.n.i.d.DiagnosticsManager]       - Total: 2019-01-22T16:16:03+0000 - 776.00 kB
2019-01-22 20:15:47.771+0000 INFO [o.n.i.d.DiagnosticsManager]     - Total: 2019-01-22T16:14:42+0000 - 776.00 kB
2019-01-22 20:15:47.772+0000 INFO [o.n.i.d.DiagnosticsManager]   - Total: 2019-01-22T16:14:42+0000 - 776.00 kB
2019-01-22 20:15:47.772+0000 INFO [o.n.i.d.DiagnosticsManager] Storage summary: 
2019-01-22 20:15:47.772+0000 INFO [o.n.i.d.DiagnosticsManager]   Total size of store: 192.13 MB
2019-01-22 20:15:47.772+0000 INFO [o.n.i.d.DiagnosticsManager]   Total size of mapped files: 102.07 MB
2019-01-22 20:15:47.773+0000 INFO [o.n.i.d.DiagnosticsManager] --- STARTED diagnostics for KernelDiagnostics:StoreFiles END ---
2019-01-22 20:15:47.773+0000 INFO [o.n.k.a.DatabaseAvailabilityGuard] Fulfilling of requirement 'Database available' makes database graph.db available.
2019-01-22 20:15:47.774+0000 INFO [o.n.k.a.DatabaseAvailabilityGuard] Database graph.db is ready.
2019-01-22 20:15:47.775+0000 INFO [o.n.k.i.DatabaseHealth] Database health set to OK
2019-01-22 20:15:49.600+0000 INFO [o.n.b.BoltServer] Bolt server loaded
2019-01-22 20:15:50.249+0000 INFO [o.n.b.BoltServer] Bolt enabled on 0.0.0.0:7687.
2019-01-22 20:15:57.300+0000 INFO [o.n.i.d.DiagnosticsManager] --- SERVER STARTED START ---
2019-01-22 20:16:01.940+0000 INFO [o.n.i.d.DiagnosticsManager] --- SERVER STARTED END ---
2019-01-22 20:16:22.285+0000 WARN [o.n.k.i.c.VmPauseMonitorComponent] Detected VM stop-the-world pause: {pauseTime=139, gcTime=152, gcCount=1}
2019-01-22 20:16:22.523+0000 WARN [o.n.k.i.c.VmPauseMonitorComponent] Detected VM stop-the-world pause: {pauseTime=138, gcTime=126, gcCount=1}
2019-01-22 20:16:24.273+0000 WARN [o.n.k.i.c.VmPauseMonitorComponent] Detected VM stop-the-world pause: {pauseTime=107, gcTime=140, gcCount=1}
2019-01-22 20:16:24.683+0000 WARN [o.n.k.i.c.VmPauseMonitorComponent] Detected VM stop-the-world pause: {pauseTime=108, gcTime=146, gcCount=1}
2019-01-22 20:16:26.755+0000 WARN [o.n.k.i.c.VmPauseMonitorComponent] Detected VM stop-the-world pause: {pauseTime=1422, gcTime=1452, gcCount=1}
2019-01-22 20:16:28.214+0000 WARN [o.n.k.i.c.VmPauseMonitorComponent] Detected VM stop-the-world pause: {pauseTime=1357, gcTime=1338, gcCount=1}
2019-01-22 20:16:29.455+0000 WARN [o.n.k.i.c.VmPauseMonitorComponent] Detected VM stop-the-world pause: {pauseTime=1039, gcTime=1097, gcCount=1}
2019-01-22 20:16:30.433+0000 WARN [o.n.k.i.c.VmPauseMonitorComponent] Detected VM stop-the-world pause: {pauseTime=877, gcTime=886, gcCount=1}
2019-01-22 20:16:31.265+0000 WARN [o.n.k.i.c.VmPauseMonitorComponent] Detected VM stop-the-world pause: {pauseTime=630, gcTime=698, gcCount=1}
2019-01-22 20:16:32.541+0000 WARN [o.n.k.i.c.VmPauseMonitorComponent] Detected VM stop-the-world pause: {pauseTime=1074, gcTime=1055, gcCount=1}
2019-01-22 20:16:33.266+0000 WARN [o.n.k.i.c.VmPauseMonitorComponent] Detected VM stop-the-world pause: {pauseTime=422, gcTime=509, gcCount=1}
2019-01-22 20:16:33.885+0000 WARN [o.n.k.i.c.VmPauseMonitorComponent] Detected VM stop-the-world pause: {pauseTime=418, gcTime=437, gcCount=1}
2019-01-22 20:16:34.659+0000 WARN [o.n.k.i.c.VmPauseMonitorComponent] Detected VM stop-the-world pause: {pauseTime=572, gcTime=602, gcCount=1}
2019-01-22 20:16:35.192+0000 WARN [o.n.k.i.c.VmPauseMonitorComponent] Detected VM stop-the-world pause: {pauseTime=261, gcTime=290, gcCount=1}
2019-01-22 20:16:35.657+0000 WARN [o.n.k.i.c.VmPauseMonitorComponent] Detected VM stop-the-world pause: {pauseTime=264, gcTime=281, gcCount=1}
2019-01-22 20:16:36.038+0000 WARN [o.n.k.i.c.VmPauseMonitorComponent] Detected VM stop-the-world pause: {pauseTime=179, gcTime=224, gcCount=1}
2019-01-22 20:16:36.862+0000 WARN [o.n.k.i.c.VmPauseMonitorComponent] Detected VM stop-the-world pause: {pauseTime=120, gcTime=210, gcCount=1}
2019-01-22 20:16:37.559+0000 WARN [o.n.k.i.c.VmPauseMonitorComponent] Detected VM stop-the-world pause: {pauseTime=294, gcTime=266, gcCount=1}
2019-01-22 20:16:37.882+0000 WARN [o.n.k.i.c.VmPauseMonitorComponent] Detected VM stop-the-world pause: {pauseTime=121, gcTime=161, gcCount=1}
2019-01-22 20:16:38.188+0000 WARN [o.n.k.i.c.VmPauseMonitorComponent] Detected VM stop-the-world pause: {pauseTime=104, gcTime=133, gcCount=1}
2019-01-22 20:16:38.590+0000 WARN [o.n.k.i.c.VmPauseMonitorComponent] Detected VM stop-the-world pause: {pauseTime=100, gcTime=133, gcCount=1}
2019-01-22 20:16:39.148+0000 WARN [o.n.k.i.c.VmPauseMonitorComponent] Detected VM stop-the-world pause: {pauseTime=110, gcTime=149, gcCount=1}
2019-01-22 20:16:40.569+0000 WARN [o.n.k.i.c.VmPauseMonitorComponent] Detected VM stop-the-world pause: {pauseTime=130, gcTime=141, gcCount=1}
2019-01-22 20:16:40.974+0000 WARN [o.n.k.i.c.VmPauseMonitorComponent] Detected VM stop-the-world pause: {pauseTime=102, gcTime=154, gcCount=1}
2019-01-22 20:16:41.773+0000 WARN [o.n.k.i.c.VmPauseMonitorComponent] Detected VM stop-the-world pause: {pauseTime=106, gcTime=152, gcCount=1}
2019-01-22 20:16:42.200+0000 WARN [o.n.k.i.c.VmPauseMonitorComponent] Detected VM stop-the-world pause: {pauseTime=124, gcTime=180, gcCount=1}
2019-01-22 20:16:42.710+0000 WARN [o.n.k.i.c.VmPauseMonitorComponent] Detected VM stop-the-world pause: {pauseTime=207, gcTime=194, gcCount=1}
2019-01-22 20:16:43.540+0000 WARN [o.n.k.i.c.VmPauseMonitorComponent] Detected VM stop-the-world pause: {pauseTime=128, gcTime=172, gcCount=1}
2019-01-22 20:16:44.048+0000 WARN [o.n.k.i.c.VmPauseMonitorComponent] Detected VM stop-the-world pause: {pauseTime=305, gcTime=286, gcCount=1}
2019-01-22 20:16:44.908+0000 WARN [o.n.k.i.c.VmPauseMonitorComponent] Detected VM stop-the-world pause: {pauseTime=156, gcTime=189, gcCount=1}
2019-01-22 20:16:45.382+0000 WARN [o.n.k.i.c.VmPauseMonitorComponent] Detected VM stop-the-world pause: {pauseTime=168, gcTime=169, gcCount=1}
2019-01-22 20:16:45.729+0000 WARN [o.n.k.i.c.VmPauseMonitorComponent] Detected VM stop-the-world pause: {pauseTime=146, gcTime=129, gcCount=1}
2019-01-22 20:16:46.120+0000 WARN [o.n.k.i.c.VmPauseMonitorComponent] Detected VM stop-the-world pause: {pauseTime=189, gcTime=171, gcCount=1}
2019-01-22 20:16:46.481+0000 WARN [o.n.k.i.c.VmPauseMonitorComponent] Detected VM stop-the-world pause: {pauseTime=160, gcTime=154, gcCount=1}
2019-01-22 20:16:47.309+0000 WARN [o.n.k.i.c.VmPauseMonitorComponent] Detected VM stop-the-world pause: {pauseTime=185, gcTime=179, gcCount=1}
2019-01-22 20:16:48.109+0000 WARN [o.n.k.i.c.VmPauseMonitorComponent] Detected VM stop-the-world pause: {pauseTime=140, gcTime=183, gcCount=1}
2019-01-22 20:16:48.938+0000 WARN [o.n.k.i.c.VmPauseMonitorComponent] Detected VM stop-the-world pause: {pauseTime=135, gcTime=147, gcCount=1}
2019-01-22 20:16:49.380+0000 WARN [o.n.k.i.c.VmPauseMonitorComponent] Detected VM stop-the-world pause: {pauseTime=139, gcTime=174, gcCount=1}
2019-01-22 20:16:49.859+0000 WARN [o.n.k.i.c.VmPauseMonitorComponent] Detected VM stop-the-world pause: {pauseTime=177, gcTime=197, gcCount=1}
2019-01-22 20:16:50.330+0000 WARN [o.n.k.i.c.VmPauseMonitorComponent] Detected VM stop-the-world pause: {pauseTime=169, gcTime=188, gcCount=1}
2019-01-22 20:16:51.230+0000 WARN [o.n.k.i.c.VmPauseMonitorComponent] Detected VM stop-the-world pause: {pauseTime=200, gcTime=213, gcCount=1}
2019-01-22 20:16:51.568+0000 WARN [o.n.k.i.c.VmPauseMonitorComponent] Detected VM stop-the-world pause: {pauseTime=136, gcTime=136, gcCount=1}
2019-01-22 20:16:51.950+0000 WARN [o.n.k.i.c.VmPauseMonitorComponent] Detected VM stop-the-world pause: {pauseTime=181, gcTime=171, gcCount=1}
2019-01-22 20:16:52.289+0000 WARN [o.n.k.i.c.VmPauseMonitorComponent] Detected VM stop-the-world pause: {pauseTime=138, gcTime=145, gcCount=1}
2019-01-22 20:16:53.959+0000 WARN [o.n.k.i.c.VmPauseMonitorComponent] Detected VM stop-the-world pause: {pauseTime=227, gcTime=266, gcCount=1}
2019-01-22 20:17:07.687+0000 WARN [o.n.k.i.c.VmPauseMonitorComponent] Detected VM stop-the-world pause: {pauseTime=1177, gcTime=13546, gcCount=3}
2019-01-22 20:17:07.788+0000 WARN [o.n.k.i.c.VmPauseMonitorComponent] Detected VM stop-the-world pause: {pauseTime=12280, gcTime=0, gcCount=0}
2019-01-22 20:17:08.112+0000 WARN [o.n.k.i.c.VmPauseMonitorComponent] Detected VM stop-the-world pause: {pauseTime=224, gcTime=251, gcCount=1}
2019-01-22 20:17:20.633+0000 WARN [o.n.k.i.c.VmPauseMonitorComponent] Detected VM stop-the-world pause: {pauseTime=888, gcTime=12360, gcCount=3}
2019-01-22 20:17:20.734+0000 WARN [o.n.k.i.c.VmPauseMonitorComponent] Detected VM stop-the-world pause: {pauseTime=11432, gcTime=0, gcCount=0}
2019-01-22 20:17:32.481+0000 WARN [o.n.k.i.c.VmPauseMonitorComponent] Detected VM stop-the-world pause: {pauseTime=669, gcTime=11723, gcCount=3}
2019-01-22 20:17:32.592+0000 WARN [o.n.k.i.c.VmPauseMonitorComponent] Detected VM stop-the-world pause: {pauseTime=10977, gcTime=0, gcCount=0}
2019-01-22 20:17:46.041+0000 WARN [o.n.k.i.c.VmPauseMonitorComponent] Detected VM stop-the-world pause: {pauseTime=466, gcTime=13440, gcCount=3}
2019-01-22 20:17:46.141+0000 WARN [o.n.k.i.c.VmPauseMonitorComponent] Detected VM stop-the-world pause: {pauseTime=12931, gcTime=0, gcCount=0}
2019-01-22 20:17:59.069+0000 WARN [o.n.k.i.c.VmPauseMonitorComponent] Detected VM stop-the-world pause: {pauseTime=290, gcTime=12885, gcCount=3}
2019-01-22 20:17:59.171+0000 WARN [o.n.k.i.c.VmPauseMonitorComponent] Detected VM stop-the-world pause: {pauseTime=12538, gcTime=0, gcCount=0}
2019-01-22 20:18:11.751+0000 WARN [o.n.k.i.c.VmPauseMonitorComponent] Detected VM stop-the-world pause: {pauseTime=144, gcTime=12574, gcCount=3}
2019-01-22 20:18:23.285+0000 WARN [o.n.k.i.c.VmPauseMonitorComponent] Detected VM stop-the-world pause: {pauseTime=12416, gcTime=11510, gcCount=3}
2019-01-22 20:18:48.024+0000 WARN [o.n.k.i.c.VmPauseMonitorComponent] Detected VM stop-the-world pause: {pauseTime=11481, gcTime=24664, gcCount=6}
2019-01-22 20:19:18.373+0000 WARN [o.n.k.i.c.VmPauseMonitorComponent] Detected VM stop-the-world pause: {pauseTime=37090, gcTime=30260, gcCount=5}
2019-01-22 20:19:49.206+0000 WARN [o.n.k.i.c.VmPauseMonitorComponent] Detected VM stop-the-world pause: {pauseTime=17780, gcTime=30806, gcCount=5}
2019-01-22 20:20:02.120+0000 WARN [o.n.k.i.c.VmPauseMonitorComponent] Detected VM stop-the-world pause: {pauseTime=43575, gcTime=12898, gcCount=3}
2019-01-22 20:20:15.335+0000 WARN [o.n.k.i.c.VmPauseMonitorComponent] Detected VM stop-the-world pause: {pauseTime=13149, gcTime=13220, gcCount=4}
